[16:34:24] [ServerMain/INFO]: Environment: Environment[sessionHost=https://sessionserver.mojang.com, servicesHost=https://api.minecraftservices.com, name=PROD]
[16:34:26] [ServerMain/INFO]: Loaded 1370 recipes
[16:34:26] [ServerMain/INFO]: Loaded 1481 advancements
[16:34:26] [Server thread/INFO]: Starting minecraft server version 1.21.4
[16:34:26] [Server thread/INFO]: Loading properties
[16:34:26] [Server thread/INFO]: Default game type: SURVIVAL
[16:34:26] [Server thread/INFO]: Generating keypair
[16:34:26] [Server console handler/ERROR]: Exception handling console input
java.io.IOException: The handle is invalid
	at java.base/java.io.FileInputStream.readBytes(Native Method) ~[?:?]
	at java.base/java.io.FileInputStream.read(FileInputStream.java:328) ~[?:?]
	at java.base/java.lang.System$In.read(System.java:2252) ~[?:?]
	at java.base/java.io.BufferedInputStream.read1(BufferedInputStream.java:345) ~[?:?]
	at java.base/java.io.BufferedInputStream.implRead(BufferedInputStream.java:420) ~[?:?]
	at java.base/java.io.BufferedInputStream.read(BufferedInputStream.java:399) ~[?:?]
	at java.base/sun.nio.cs.StreamDecoder.readBytes(StreamDecoder.java:350) ~[?:?]
	at java.base/sun.nio.cs.StreamDecoder.implRead(StreamDecoder.java:393) ~[?:?]
	at java.base/sun.nio.cs.StreamDecoder.lockedRead(StreamDecoder.java:217) ~[?:?]
	at java.base/sun.nio.cs.StreamDecoder.read(StreamDecoder.java:171) ~[?:?]
	at java.base/java.io.InputStreamReader.read(InputStreamReader.java:190) ~[?:?]
	at java.base/java.io.BufferedReader.fill(BufferedReader.java:160) ~[?:?]
	at java.base/java.io.BufferedReader.implReadLine(BufferedReader.java:370) ~[?:?]
	at java.base/java.io.BufferedReader.readLine(BufferedReader.java:347) ~[?:?]
	at java.base/java.io.BufferedReader.readLine(BufferedReader.java:436) ~[?:?]
	at apu$1.run(SourceFile:102) [server-1.21.4.jar:?]
[16:34:27] [Server thread/INFO]: Starting Minecraft server on *:25565
[16:34:27] [Server thread/INFO]: Using default channel type
[16:34:27] [Server thread/WARN]: **** SERVER IS RUNNING IN OFFLINE/INSECURE MODE!
[16:34:27] [Server thread/WARN]: The server will make no attempt to authenticate usernames. Beware.
[16:34:27] [Server thread/WARN]: While this makes the game possible to play without internet access, it also opens up the ability for hackers to connect with any username they choose.
[16:34:27] [Server thread/WARN]: To change this, set "online-mode" to "true" in the server.properties file.
[16:34:27] [Server thread/INFO]: Preparing level "world"
[16:34:27] [Server thread/INFO]: Preparing start region for dimension minecraft:overworld
[16:34:28] [Worker-Main-6/INFO]: Preparing spawn area: 0%
[16:34:28] [Worker-Main-6/INFO]: Preparing spawn area: 0%
[16:34:28] [Worker-Main-6/INFO]: Preparing spawn area: 0%
[16:34:28] [Server thread/INFO]: Time elapsed: 1158 ms
[16:34:28] [Server thread/INFO]: Done (1.585s)! For help, type "help"
[16:35:28] [Server thread/INFO]: Server empty for 60 seconds, pausing
[16:35:52] [Server thread/INFO]: Arnav[/127.159.160.117:49942] logged in with entity id 7 at (-34.713591289005166, 63.0, -420.10987774189795)
[16:35:52] [Server thread/INFO]: Arnav joined the game
[16:37:18] [Server thread/INFO]: aruuu[/127.159.160.117:50014] logged in with entity id 372 at (26.5, 65.0, -49.5)
[16:37:18] [Server thread/INFO]: aruuu joined the game
[16:38:28] [Server thread/INFO]: deepak[/127.159.160.117:50072] logged in with entity id 865 at (1779.536605316093, 94.0, -91.11068369677142)
[16:38:28] [Server thread/INFO]: deepak joined the game
[16:39:27] [Server thread/WARN]: Can't keep up! Is the server overloaded? Running 2672ms or 53 ticks behind
[16:40:42] [Server thread/INFO]: [deepak: Teleported deepak to Arnav]
[16:40:49] [Server thread/INFO]: [Not Secure] <Arnav> meow
[16:41:38] [Server thread/INFO]: [deepak: Set the time to 1000]
[16:42:25] [Server thread/INFO]: Locating element minecraft:village_snowy took 3839 ms
[16:42:25] [Server thread/WARN]: Can't keep up! Is the server overloaded? Running 3827ms or 76 ticks behind
[16:42:25] [Server thread/WARN]: aruuu moved too quickly! -0.029800066096584032,1.2491870787446828,-10.111112332804993
[16:42:38] [Server thread/INFO]: [deepak: Set own game mode to Creative Mode]
[16:42:41] [Server thread/INFO]: aruuu was blown up by Creeper
[16:42:49] [Server thread/INFO]: [deepak: Teleported deepak to 704.500000, 64.000000, 4544.500000]
[16:42:52] [Server thread/WARN]: Can't keep up! Is the server overloaded? Running 2099ms or 41 ticks behind
[16:43:29] [Server thread/INFO]: aruuu lost connection: Disconnected
[16:43:29] [Server thread/INFO]: aruuu left the game
[16:43:54] [Server thread/INFO]: [deepak: Set own game mode to Survival Mode]
[16:44:11] [Server thread/INFO]: Arnav lost connection: Timed out
[16:44:11] [Server thread/INFO]: Arnav left the game
[16:44:41] [Server thread/INFO]: deepak lost connection: Disconnected
[16:44:41] [Server thread/INFO]: deepak left the game
[16:44:56] [Server thread/INFO]: Stopping server
[16:44:56] [Server thread/INFO]: Saving players
[16:44:56] [Server thread/INFO]: Saving worlds
[16:44:56] [Server thread/INFO]: Saving chunks for level 'ServerLevel[world]'/minecraft:overworld
[16:44:56] [Server thread/INFO]: Saving chunks for level 'ServerLevel[world]'/minecraft:the_nether
[16:44:56] [Server thread/INFO]: Saving chunks for level 'ServerLevel[world]'/minecraft:the_end
[16:44:56] [Server thread/INFO]: ThreadedAnvilChunkStorage (world): All chunks are saved
[16:44:56] [Server thread/INFO]: ThreadedAnvilChunkStorage (DIM-1): All chunks are saved
[16:44:56] [Server thread/INFO]: ThreadedAnvilChunkStorage (DIM1): All chunks are saved
[16:44:56] [Server thread/INFO]: ThreadedAnvilChunkStorage: All dimensions are saved
